<?xml version="1.0" encoding="UTF-8"?>
<!-- Generated by org.testng.reporters.JUnitXMLReporter -->
<testsuite ignored="0" hostname="SSAMAL23" failures="0" tests="3" name="Test" time="2.135" errors="0" timestamp="2022-12-08T14:59:47 IST">
  <testcase classname="restAssured_Example.TC_01_GET" name="verifyHeader" time="0.007"/>
  <testcase classname="restAssured_Example.TC_01_GET" name="verifyResponse" time="0.001"/>
  <testcase classname="restAssured_Example.TC_01_GET" name="viewResponse" time="0.06"/>
</testsuite> <!-- Test -->
