<?xml version="1.0" encoding="UTF-8"?>
<!-- Generated by org.testng.reporters.JUnitXMLReporter -->
<testsuite ignored="0" hostname="SSAMAL23" failures="0" tests="3" name="Test" time="2.046" errors="0" timestamp="2022-12-08T15:01:36 IST">
  <testcase classname="restAssured_Example.TC_01_GET" name="verifyHeader" time="0.005"/>
  <testcase classname="restAssured_Example.TC_01_GET" name="verifyResponse" time="0.0"/>
  <testcase classname="restAssured_Example.TC_01_GET" name="viewResponse" time="0.075"/>
</testsuite> <!-- Test -->
