<?xml version="1.0" encoding="UTF-8"?>
<testng-results ignored="0" total="3" passed="3" failed="0" skipped="0">
  <reporter-output>
  </reporter-output>
  <suite started-at="2022-12-08T15:01:34 IST" name="Suite" finished-at="2022-12-08T15:01:36 IST" duration-ms="2046">
    <groups>
    </groups>
    <test started-at="2022-12-08T15:01:34 IST" name="Test" finished-at="2022-12-08T15:01:36 IST" duration-ms="2046">
      <class name="restAssured_Example.TC_01_GET">
        <test-method is-config="true" signature="setUp()[pri:0, instance:restAssured_Example.TC_01_GET@c333c60]" started-at="2022-12-08T15:01:34 IST" name="setUp" finished-at="2022-12-08T15:01:36 IST" duration-ms="1926" status="PASS">
          <reporter-output>
          </reporter-output>
        </test-method> <!-- setUp -->
        <test-method signature="verifyHeader()[pri:0, instance:restAssured_Example.TC_01_GET@c333c60]" started-at="2022-12-08T15:01:36 IST" name="verifyHeader" finished-at="2022-12-08T15:01:36 IST" duration-ms="5" status="PASS">
          <reporter-output>
          </reporter-output>
        </test-method> <!-- verifyHeader -->
        <test-method signature="viewResponse()[pri:0, instance:restAssured_Example.TC_01_GET@c333c60]" started-at="2022-12-08T15:01:36 IST" name="viewResponse" finished-at="2022-12-08T15:01:36 IST" duration-ms="75" status="PASS">
          <reporter-output>
          </reporter-output>
        </test-method> <!-- viewResponse -->
        <test-method signature="verifyResponse()[pri:0, instance:restAssured_Example.TC_01_GET@c333c60]" started-at="2022-12-08T15:01:36 IST" name="verifyResponse" finished-at="2022-12-08T15:01:36 IST" duration-ms="0" status="PASS">
          <reporter-output>
          </reporter-output>
        </test-method> <!-- verifyResponse -->
      </class> <!-- restAssured_Example.TC_01_GET -->
    </test> <!-- Test -->
  </suite> <!-- Suite -->
</testng-results>
