<?xml version="1.0" encoding="UTF-8"?>
<testng-results ignored="0" total="1" passed="1" failed="0" skipped="0">
  <reporter-output>
  </reporter-output>
  <suite started-at="2022-12-16T02:48:17 IST" name="Default suite" finished-at="2022-12-16T02:48:21 IST" duration-ms="3616">
    <groups>
    </groups>
    <test started-at="2022-12-16T02:48:17 IST" name="Default test" finished-at="2022-12-16T02:48:21 IST" duration-ms="3616">
      <class name="restAssured_Example.TC_03_POST_GitHub">
        <test-method signature="verifyPostMessage()[pri:0, instance:restAssured_Example.TC_03_POST_GitHub@57af006c]" started-at="2022-12-16T02:48:17 IST" name="verifyPostMessage" finished-at="2022-12-16T02:48:21 IST" duration-ms="3570" status="PASS">
          <reporter-output>
          </reporter-output>
        </test-method> <!-- verifyPostMessage -->
      </class> <!-- restAssured_Example.TC_03_POST_GitHub -->
    </test> <!-- Default test -->
  </suite> <!-- Default suite -->
</testng-results>
